<?xml version="1.0" encoding="utf-8"?><testsuites name="pytest tests"><testsuite name="pytest" errors="0" failures="0" skipped="0" tests="22" time="3.440" timestamp="2026-04-05T15:46:37.152774+00:00" hostname="agent-env-a46266b1-679e-4fd3-abdf-ed7910a10480"><testcase classname="backend.tests.test_iteration22_assembly_stability.TestAuthAndRegression" name="test_api_root" time="0.147" /><testcase classname="backend.tests.test_iteration22_assembly_stability.TestAuthAndRegression" name="test_login_success" time="0.370" /><testcase classname="backend.tests.test_iteration22_assembly_stability.TestAuthAndRegression" name="test_projects_list" time="0.380" /><testcase classname="backend.tests.test_iteration22_assembly_stability.TestAuthAndRegression" name="test_effects_list" time="0.389" /><testcase classname="backend.tests.test_iteration22_assembly_stability.TestAssemblyJobEndpoints" name="test_assemble_endpoint_exists" time="0.372" /><testcase classname="backend.tests.test_iteration22_assembly_stability.TestAssemblyJobEndpoints" name="test_assembly_status_endpoint_exists" time="0.378" /><testcase classname="backend.tests.test_iteration22_assembly_stability.TestAssemblyJobEndpoints" name="test_assembly_with_real_project" time="0.434" /><testcase classname="backend.tests.test_iteration22_assembly_stability.TestStillToClipEndpoint" name="test_still_to_clip_endpoint_exists" time="0.447" /><testcase classname="backend.tests.test_iteration22_assembly_stability.TestTrimVideoEndpoint" name="test_trim_video_endpoint_exists" time="0.419" /><testcase classname="backend.tests.test_iteration22_assembly_stability.TestCodeReviewVerification" name="test_assembly_jobs_uses_mongodb" time="0.001" /><testcase classname="backend.tests.test_iteration22_assembly_stability.TestCodeReviewVerification" name="test_no_immediate_deletion_on_status_read" time="0.001" /><testcase classname="backend.tests.test_iteration22_assembly_stability.TestCodeReviewVerification" name="test_ttl_index_on_assembly_jobs" time="0.000" /><testcase classname="backend.tests.test_iteration22_assembly_stability.TestCodeReviewVerification" name="test_unique_index_on_job_id" time="0.000" /><testcase classname="backend.tests.test_iteration22_assembly_stability.TestCodeReviewVerification" name="test_ffmpeg_preset_veryfast" time="0.001" /><testcase classname="backend.tests.test_iteration22_assembly_stability.TestCodeReviewVerification" name="test_job_creation_includes_created_at" time="0.000" /><testcase classname="backend.tests.test_iteration22_assembly_stability.TestFrontendCodeReview" name="test_polling_uses_settimeout" time="0.000" /><testcase classname="backend.tests.test_iteration22_assembly_stability.TestFrontendCodeReview" name="test_polling_tolerates_404" time="0.000" /><testcase classname="backend.tests.test_iteration22_assembly_stability.TestFrontendCodeReview" name="test_polling_tolerates_502_503" time="0.000" /><testcase classname="backend.tests.test_iteration22_assembly_stability.TestFrontendCodeReview" name="test_retry_api_call_wrapper" time="0.000" /><testcase classname="backend.tests.test_iteration22_assembly_stability.TestFrontendCodeReview" name="test_prepare_library_clips_uses_retry" time="0.000" /><testcase classname="backend.tests.test_iteration22_assembly_stability.TestFrontendCodeReview" name="test_adaptive_polling_intervals" time="0.000" /><testcase classname="backend.tests.test_iteration22_assembly_stability.TestFrontendCompilation" name="test_step6_compiles" time="0.000" /></testsuite></testsuites>