<?xml version="1.0" encoding="utf-8"?><testsuites name="pytest tests"><testsuite name="pytest" errors="0" failures="0" skipped="0" tests="13" time="6.538" timestamp="2026-04-03T03:42:49.092167+00:00" hostname="agent-env-a46266b1-679e-4fd3-abdf-ed7910a10480"><testcase classname="backend.tests.test_iteration8.TestAuthFlow" name="test_login_success" time="0.417" /><testcase classname="backend.tests.test_iteration8.TestAuthFlow" name="test_login_invalid_credentials" time="0.098" /><testcase classname="backend.tests.test_iteration8.TestDashboard" name="test_get_stats" time="0.429" /><testcase classname="backend.tests.test_iteration8.TestDashboard" name="test_get_projects" time="0.471" /><testcase classname="backend.tests.test_iteration8.TestSettings" name="test_get_settings" time="0.490" /><testcase classname="backend.tests.test_iteration8.TestSettings" name="test_get_api_keys_status" time="0.424" /><testcase classname="backend.tests.test_iteration8.TestSettings" name="test_test_keys_endpoint" time="0.464" /><testcase classname="backend.tests.test_iteration8.TestImageGeneration" name="test_generate_image_requires_project" time="0.465" /><testcase classname="backend.tests.test_iteration8.TestImageGeneration" name="test_generate_image_requires_api_key" time="0.802" /><testcase classname="backend.tests.test_iteration8.TestVideoAssembly" name="test_assemble_accepts_hook_texts" time="0.623" /><testcase classname="backend.tests.test_iteration8.TestAnalyzeSong" name="test_analyze_song_requires_lyrics" time="0.678" /><testcase classname="backend.tests.test_iteration8.TestTemplates" name="test_get_templates" time="0.432" /><testcase classname="backend.tests.test_iteration8.TestClimaxDetection" name="test_detect_climax_requires_audio" time="0.669" /></testsuite></testsuites>