<?xml version="1.0" encoding="utf-8"?><testsuites name="pytest tests"><testsuite name="pytest" errors="0" failures="0" skipped="0" tests="23" time="2.396" timestamp="2026-04-05T01:01:36.631683+00:00" hostname="agent-env-a46266b1-679e-4fd3-abdf-ed7910a10480"><testcase classname="backend.tests.test_iteration17_features.TestIteration17Features" name="test_login_works" time="0.675" /><testcase classname="backend.tests.test_iteration17_features.TestIteration17Features" name="test_effects_list_returns_20_effects" time="0.440" /><testcase classname="backend.tests.test_iteration17_features.TestIteration17Features" name="test_effects_list_returns_3_transitions" time="0.397" /><testcase classname="backend.tests.test_iteration17_features.TestIteration17Features" name="test_effects_list_returns_6_presets" time="0.416" /><testcase classname="backend.tests.test_iteration17_features.TestIteration17Features" name="test_api_root_endpoint" time="0.379" /><testcase classname="backend.tests.test_iteration17_features.TestHooksDistributionAlgorithm" name="test_clip_aligned_distribution_3_hooks_7_clips" time="0.000" /><testcase classname="backend.tests.test_iteration17_features.TestHooksDistributionAlgorithm" name="test_clip_aligned_distribution_2_hooks_5_clips" time="0.000" /><testcase classname="backend.tests.test_iteration17_features.TestHooksDistributionAlgorithm" name="test_clip_aligned_distribution_4_hooks_8_clips" time="0.000" /><testcase classname="backend.tests.test_iteration17_features.TestHooksDistributionAlgorithm" name="test_clip_aligned_distribution_1_hook_5_clips" time="0.000" /><testcase classname="backend.tests.test_iteration17_features.TestHooksDistributionAlgorithm" name="test_min_hook_duration_constant" time="0.000" /><testcase classname="backend.tests.test_iteration17_features.TestFontMapping" name="test_liberation_sans_exists" time="0.000" /><testcase classname="backend.tests.test_iteration17_features.TestFontMapping" name="test_liberation_serif_exists" time="0.000" /><testcase classname="backend.tests.test_iteration17_features.TestFontMapping" name="test_liberation_mono_exists" time="0.000" /><testcase classname="backend.tests.test_iteration17_features.TestFontMapping" name="test_liberation_narrow_exists" time="0.000" /><testcase classname="backend.tests.test_iteration17_features.TestCodeReview" name="test_backend_textfont_field_in_request" time="0.001" /><testcase classname="backend.tests.test_iteration17_features.TestCodeReview" name="test_backend_font_map_uses_liberation" time="0.001" /><testcase classname="backend.tests.test_iteration17_features.TestCodeReview" name="test_backend_min_hook_duration_constant" time="0.000" /><testcase classname="backend.tests.test_iteration17_features.TestCodeReview" name="test_backend_clip_aligned_formula" time="0.000" /><testcase classname="backend.tests.test_iteration17_features.TestCodeReview" name="test_frontend_transition_select_testid" time="0.000" /><testcase classname="backend.tests.test_iteration17_features.TestCodeReview" name="test_frontend_transition_options" time="0.000" /><testcase classname="backend.tests.test_iteration17_features.TestCodeReview" name="test_frontend_font_family_buttons" time="0.000" /><testcase classname="backend.tests.test_iteration17_features.TestCodeReview" name="test_frontend_textfont_in_payload" time="0.000" /><testcase classname="backend.tests.test_iteration17_features.TestCodeReview" name="test_ai_mode_untouched" time="0.000" /></testsuite></testsuites>