<?xml version="1.0" encoding="utf-8"?><testsuites name="pytest tests"><testsuite name="pytest" errors="0" failures="0" skipped="0" tests="12" time="4.754" timestamp="2026-04-04T19:10:41.285866+00:00" hostname="agent-env-a46266b1-679e-4fd3-abdf-ed7910a10480"><testcase classname="backend.tests.test_iteration11_bug_fixes.TestAuth" name="test_login_success" time="0.407" /><testcase classname="backend.tests.test_iteration11_bug_fixes.TestStockSearch" name="test_stock_photos_search_returns_200" time="0.569" /><testcase classname="backend.tests.test_iteration11_bug_fixes.TestStockSearch" name="test_stock_videos_search_returns_200_or_400" time="0.559" /><testcase classname="backend.tests.test_iteration11_bug_fixes.TestStockSearch" name="test_stock_search_requires_auth" time="0.107" /><testcase classname="backend.tests.test_iteration11_bug_fixes.TestMediaUpload" name="test_media_upload_returns_200" time="0.584" /><testcase classname="backend.tests.test_iteration11_bug_fixes.TestMediaUpload" name="test_media_upload_requires_auth" time="0.107" /><testcase classname="backend.tests.test_iteration11_bug_fixes.TestExtractClimax" name="test_extract_climax_returns_400_for_no_audio" time="0.572" /><testcase classname="backend.tests.test_iteration11_bug_fixes.TestExtractClimax" name="test_extract_climax_returns_404_for_invalid_project" time="0.103" /><testcase classname="backend.tests.test_iteration11_bug_fixes.TestExtractClimax" name="test_extract_climax_requires_auth" time="0.164" /><testcase classname="backend.tests.test_iteration11_bug_fixes.TestProjectModes" name="test_create_ai_mode_project" time="0.450" /><testcase classname="backend.tests.test_iteration11_bug_fixes.TestProjectModes" name="test_create_library_mode_project" time="0.106" /><testcase classname="backend.tests.test_iteration11_bug_fixes.TestCleanup" name="test_cleanup_test_projects" time="0.945" /></testsuite></testsuites>