<?xml version="1.0" encoding="utf-8"?><testsuites name="pytest tests"><testsuite name="pytest" errors="0" failures="0" skipped="1" tests="10" time="4.586" timestamp="2026-04-04T19:54:39.580261+00:00" hostname="agent-env-a46266b1-679e-4fd3-abdf-ed7910a10480"><testcase classname="backend.tests.test_iteration14_bugfixes.TestAuthAndKeys" name="test_login_works" time="0.784" /><testcase classname="backend.tests.test_iteration14_bugfixes.TestAuthAndKeys" name="test_test_keys_includes_pexels" time="0.398" /><testcase classname="backend.tests.test_iteration14_bugfixes.TestAnimateImageEndpoint" name="test_animate_image_without_prompt_no_422" time="0.388" /><testcase classname="backend.tests.test_iteration14_bugfixes.TestAnimateImageEndpoint" name="test_animate_image_with_prompt_still_works" time="0.376" /><testcase classname="backend.tests.test_iteration14_bugfixes.TestAnalyzeSongEndpoint" name="test_analyze_song_returns_hooks_at_top_level" time="0.378"><skipped type="pytest.skip" message="Could not create test project">/app/backend/tests/test_iteration14_bugfixes.py:143: Could not create test project</skipped></testcase><testcase classname="backend.tests.test_iteration14_bugfixes.TestStockSearchEndpoint" name="test_stock_search_photos_endpoint_exists" time="0.483" /><testcase classname="backend.tests.test_iteration14_bugfixes.TestStockSearchEndpoint" name="test_stock_search_videos_endpoint_exists" time="0.495" /><testcase classname="backend.tests.test_iteration14_bugfixes.TestDashboardAndProjects" name="test_stats_endpoint" time="0.409" /><testcase classname="backend.tests.test_iteration14_bugfixes.TestDashboardAndProjects" name="test_projects_list" time="0.380" /><testcase classname="backend.tests.test_iteration14_bugfixes.TestDashboardAndProjects" name="test_templates_endpoint" time="0.420" /></testsuite></testsuites>