<?xml version="1.0" encoding="utf-8"?><testsuites name="pytest tests"><testsuite name="pytest" errors="0" failures="0" skipped="0" tests="23" time="2.316" timestamp="2026-04-05T01:21:23.005369+00:00" hostname="agent-env-a46266b1-679e-4fd3-abdf-ed7910a10480"><testcase classname="backend.tests.test_iteration18_text_animation.TestAuthAndBasics" name="test_login_works" time="0.478" /><testcase classname="backend.tests.test_iteration18_text_animation.TestAuthAndBasics" name="test_api_root" time="0.104" /><testcase classname="backend.tests.test_iteration18_text_animation.TestEffectsListRegression" name="test_effects_list_returns_20_effects" time="0.458" /><testcase classname="backend.tests.test_iteration18_text_animation.TestEffectsListRegression" name="test_effects_list_has_transitions" time="0.116" /><testcase classname="backend.tests.test_iteration18_text_animation.TestEffectsListRegression" name="test_effects_list_has_presets" time="0.143" /><testcase classname="backend.tests.test_iteration18_text_animation.TestStillToClipRegression" name="test_still_to_clip_endpoint_exists" time="0.492" /><testcase classname="backend.tests.test_iteration18_text_animation.TestTextAnimationBackend" name="test_assemble_video_request_has_text_animation_field" time="0.001" /><testcase classname="backend.tests.test_iteration18_text_animation.TestTextAnimationBackend" name="test_text_animation_options_documented" time="0.001" /><testcase classname="backend.tests.test_iteration18_text_animation.TestTextAnimationBackend" name="test_drawtext_alpha_expressions_for_fade" time="0.000" /><testcase classname="backend.tests.test_iteration18_text_animation.TestTextAnimationBackend" name="test_drawtext_y_expressions_for_slide" time="0.000" /><testcase classname="backend.tests.test_iteration18_text_animation.TestTextAnimationBackend" name="test_pop_animation_has_quick_appear" time="0.000" /><testcase classname="backend.tests.test_iteration18_text_animation.TestTextAnimationBackend" name="test_bounce_animation_has_deceleration" time="0.000" /><testcase classname="backend.tests.test_iteration18_text_animation.TestTextAnimationBackend" name="test_escaped_commas_in_ffmpeg_expressions" time="0.000" /><testcase classname="backend.tests.test_iteration18_text_animation.TestTextAnimationFrontend" name="test_animation_row_exists_in_frontend" time="0.000" /><testcase classname="backend.tests.test_iteration18_text_animation.TestTextAnimationFrontend" name="test_six_animation_buttons_exist" time="0.000" /><testcase classname="backend.tests.test_iteration18_text_animation.TestTextAnimationFrontend" name="test_animation_button_labels" time="0.000" /><testcase classname="backend.tests.test_iteration18_text_animation.TestTextAnimationFrontend" name="test_default_animation_is_fade" time="0.000" /><testcase classname="backend.tests.test_iteration18_text_animation.TestTextAnimationFrontend" name="test_text_animation_in_payload" time="0.000" /><testcase classname="backend.tests.test_iteration18_text_animation.TestTextAnimationFrontend" name="test_update_settings_for_animation" time="0.000" /><testcase classname="backend.tests.test_iteration18_text_animation.TestAssemblyPayloadIntegration" name="test_assemble_endpoint_accepts_text_animation" time="0.434" /><testcase classname="backend.tests.test_iteration18_text_animation.TestCodeQuality" name="test_animation_types_match_frontend_backend" time="0.001" /><testcase classname="backend.tests.test_iteration18_text_animation.TestCodeQuality" name="test_min_hook_duration_constant" time="0.000" /><testcase classname="backend.tests.test_iteration18_text_animation.TestCodeQuality" name="test_anim_dur_constant" time="0.000" /></testsuite></testsuites>