<?xml version="1.0" encoding="utf-8"?><testsuites name="pytest tests"><testsuite name="pytest" errors="0" failures="0" skipped="0" tests="13" time="4.499" timestamp="2026-04-03T04:22:50.802575+00:00" hostname="agent-env-a46266b1-679e-4fd3-abdf-ed7910a10480"><testcase classname="backend.tests.test_phase1_features.TestAuth" name="test_login_success" time="0.393" /><testcase classname="backend.tests.test_phase1_features.TestUploadImage" name="test_upload_image_endpoint_exists" time="0.545" /><testcase classname="backend.tests.test_phase1_features.TestUploadImage" name="test_upload_image_rejects_invalid_type" time="0.151" /><testcase classname="backend.tests.test_phase1_features.TestUploadImage" name="test_upload_image_requires_auth" time="0.210" /><testcase classname="backend.tests.test_phase1_features.TestVideoAssembly" name="test_assemble_accepts_addSubtitles_field" time="0.566" /><testcase classname="backend.tests.test_phase1_features.TestVideoAssembly" name="test_assemble_accepts_lyrics_field" time="0.101" /><testcase classname="backend.tests.test_phase1_features.TestVideoAssembly" name="test_assemble_accepts_hookTexts_array" time="0.283" /><testcase classname="backend.tests.test_phase1_features.TestProjectEndpoints" name="test_get_projects" time="0.439" /><testcase classname="backend.tests.test_phase1_features.TestProjectEndpoints" name="test_create_project_with_lyrics" time="0.197" /><testcase classname="backend.tests.test_phase1_features.TestProjectEndpoints" name="test_get_project_returns_lyrics" time="0.335" /><testcase classname="backend.tests.test_phase1_features.TestAnimationEndpoints" name="test_animate_image_endpoint_exists" time="0.629" /><testcase classname="backend.tests.test_phase1_features.TestSettingsEndpoints" name="test_get_settings" time="0.433" /><testcase classname="backend.tests.test_phase1_features.TestSettingsEndpoints" name="test_get_api_keys" time="0.116" /></testsuite></testsuites>