<?xml version="1.0" encoding="utf-8"?><testsuites name="pytest tests"><testsuite name="pytest" errors="0" failures="0" skipped="0" tests="17" time="7.749" timestamp="2026-03-31T02:28:23.058845+00:00" hostname="agent-env-a46266b1-679e-4fd3-abdf-ed7910a10480"><testcase classname="backend.tests.test_auth_flow.TestAuthEndpoints" name="test_login_returns_tokens_in_body" time="0.416" /><testcase classname="backend.tests.test_auth_flow.TestAuthEndpoints" name="test_register_returns_tokens_in_body" time="0.341" /><testcase classname="backend.tests.test_auth_flow.TestAuthEndpoints" name="test_refresh_token_endpoint" time="0.500" /><testcase classname="backend.tests.test_auth_flow.TestProtectedEndpointsWithBearerToken" name="test_auth_me_with_bearer_token" time="0.525" /><testcase classname="backend.tests.test_auth_flow.TestProtectedEndpointsWithBearerToken" name="test_auth_test_keys_with_bearer_token" time="0.513" /><testcase classname="backend.tests.test_auth_flow.TestProtectedEndpointsWithBearerToken" name="test_stats_with_bearer_token" time="0.517" /><testcase classname="backend.tests.test_auth_flow.TestProtectedEndpointsWithBearerToken" name="test_projects_with_bearer_token" time="0.480" /><testcase classname="backend.tests.test_auth_flow.TestProtectedEndpointsWithBearerToken" name="test_templates_with_bearer_token" time="0.466" /><testcase classname="backend.tests.test_auth_flow.TestProtectedEndpointsWithBearerToken" name="test_settings_with_bearer_token" time="0.493" /><testcase classname="backend.tests.test_auth_flow.TestProtectedEndpointsWithBearerToken" name="test_settings_api_keys_with_bearer_token" time="0.467" /><testcase classname="backend.tests.test_auth_flow.TestProtectedEndpointsWithBearerToken" name="test_cost_logs_with_bearer_token" time="0.466" /><testcase classname="backend.tests.test_auth_flow.TestProtectedEndpointsWithBearerToken" name="test_save_api_key_with_bearer_token" time="0.460" /><testcase classname="backend.tests.test_auth_flow.TestProtectedEndpointsWithoutToken" name="test_auth_me_without_token_returns_401" time="0.109" /><testcase classname="backend.tests.test_auth_flow.TestProtectedEndpointsWithoutToken" name="test_stats_without_token_returns_401" time="0.117" /><testcase classname="backend.tests.test_auth_flow.TestProtectedEndpointsWithoutToken" name="test_projects_without_token_returns_401" time="0.129" /><testcase classname="backend.tests.test_auth_flow.TestTokenPersistenceFlow" name="test_full_auth_flow" time="1.164" /><testcase classname="backend.tests.test_auth_flow.TestTokenPersistenceFlow" name="test_logout_flow" time="0.490" /></testsuite></testsuites>