<?xml version="1.0" encoding="utf-8"?><testsuites name="pytest tests"><testsuite name="pytest" errors="0" failures="0" skipped="0" tests="9" time="5.069" timestamp="2026-04-04T19:32:20.659704+00:00" hostname="agent-env-a46266b1-679e-4fd3-abdf-ed7910a10480"><testcase classname="backend.tests.test_iteration13_metadata.TestMetadataEndpoints" name="test_generate_metadata_endpoint_exists" time="0.746" /><testcase classname="backend.tests.test_iteration13_metadata.TestMetadataEndpoints" name="test_generate_metadata_requires_auth" time="0.478" /><testcase classname="backend.tests.test_iteration13_metadata.TestMetadataEndpoints" name="test_generate_metadata_accepts_required_fields" time="0.629" /><testcase classname="backend.tests.test_iteration13_metadata.TestMetadataEndpoints" name="test_generate_thumbnail_endpoint_exists" time="0.597" /><testcase classname="backend.tests.test_iteration13_metadata.TestMetadataEndpoints" name="test_generate_thumbnail_requires_auth" time="0.503" /><testcase classname="backend.tests.test_iteration13_metadata.TestMetadataEndpoints" name="test_generate_thumbnail_accepts_required_fields" time="0.655" /><testcase classname="backend.tests.test_iteration13_metadata.TestMetadataEndpoints" name="test_thumbnails_endpoint_exists" time="0.471" /><testcase classname="backend.tests.test_iteration13_metadata.TestMetadataEndpoints" name="test_thumbnails_endpoint_requires_auth" time="0.443" /><testcase classname="backend.tests.test_iteration13_metadata.TestMetadataIntegration" name="test_project_has_metadata_and_thumbnails_fields" time="0.472" /></testsuite></testsuites>