<?xml version="1.0" encoding="utf-8"?><testsuites name="pytest tests"><testsuite name="pytest" errors="0" failures="0" skipped="0" tests="16" time="76.098" timestamp="2026-04-05T00:45:43.274345+00:00" hostname="agent-env-a46266b1-679e-4fd3-abdf-ed7910a10480"><testcase classname="backend.tests.test_iteration16_features.TestAuth" name="test_login_success" time="0.466" /><testcase classname="backend.tests.test_iteration16_features.TestEffectsEndpoint" name="test_effects_list_returns_200" time="0.385" /><testcase classname="backend.tests.test_iteration16_features.TestEffectsEndpoint" name="test_effects_list_has_20_effects" time="0.387" /><testcase classname="backend.tests.test_iteration16_features.TestEffectsEndpoint" name="test_effects_list_has_3_transitions" time="0.400" /><testcase classname="backend.tests.test_iteration16_features.TestEffectsEndpoint" name="test_effects_list_has_6_presets" time="0.380" /><testcase classname="backend.tests.test_iteration16_features.TestEffectsEndpoint" name="test_effects_have_categories" time="0.422" /><testcase classname="backend.tests.test_iteration16_features.TestStillToClipNewEffects" name="test_still_to_clip_slide_left" time="2.775" /><testcase classname="backend.tests.test_iteration16_features.TestStillToClipNewEffects" name="test_still_to_clip_slide_right" time="2.801" /><testcase classname="backend.tests.test_iteration16_features.TestStillToClipNewEffects" name="test_still_to_clip_slide_up" time="2.817" /><testcase classname="backend.tests.test_iteration16_features.TestStillToClipNewEffects" name="test_still_to_clip_slide_down" time="2.786" /><testcase classname="backend.tests.test_iteration16_features.TestStillToClipNewEffects" name="test_still_to_clip_vignette" time="5.363" /><testcase classname="backend.tests.test_iteration16_features.TestStillToClipNewEffects" name="test_still_to_clip_vintage" time="11.106" /><testcase classname="backend.tests.test_iteration16_features.TestStillToClipNewEffects" name="test_still_to_clip_glow" time="4.000" /><testcase classname="backend.tests.test_iteration16_features.TestStillToClipNewEffects" name="test_still_to_clip_film_grain" time="38.531" /><testcase classname="backend.tests.test_iteration16_features.TestStillToClipNewEffects" name="test_still_to_clip_zoom_rotate" time="3.287" /><testcase classname="backend.tests.test_iteration16_features.TestAPIRoot" name="test_api_root_endpoint" time="0.105" /></testsuite></testsuites>