<?xml version="1.0" encoding="utf-8"?><testsuites name="pytest tests"><testsuite name="pytest" errors="0" failures="0" skipped="0" tests="16" time="6.935" timestamp="2026-04-03T06:11:35.541979+00:00" hostname="agent-env-a46266b1-679e-4fd3-abdf-ed7910a10480"><testcase classname="backend.tests.test_iteration10_library_mode.TestAuth" name="test_login_success" time="0.451" /><testcase classname="backend.tests.test_iteration10_library_mode.TestProjectModeField" name="test_create_ai_mode_project" time="0.601" /><testcase classname="backend.tests.test_iteration10_library_mode.TestProjectModeField" name="test_create_library_mode_project" time="0.231" /><testcase classname="backend.tests.test_iteration10_library_mode.TestProjectModeField" name="test_default_mode_is_ai" time="0.273" /><testcase classname="backend.tests.test_iteration10_library_mode.TestProjectModeField" name="test_projects_list_includes_mode" time="0.366" /><testcase classname="backend.tests.test_iteration10_library_mode.TestStockSearch" name="test_stock_photos_search_no_key" time="0.497" /><testcase classname="backend.tests.test_iteration10_library_mode.TestStockSearch" name="test_stock_videos_search_no_key" time="0.110" /><testcase classname="backend.tests.test_iteration10_library_mode.TestStockSearch" name="test_stock_search_requires_auth" time="0.117" /><testcase classname="backend.tests.test_iteration10_library_mode.TestMediaUpload" name="test_media_upload_endpoint_exists" time="0.568" /><testcase classname="backend.tests.test_iteration10_library_mode.TestMediaUpload" name="test_media_upload_requires_auth" time="0.215" /><testcase classname="backend.tests.test_iteration10_library_mode.TestMediaPoolPersistence" name="test_save_media_pool" time="0.805" /><testcase classname="backend.tests.test_iteration10_library_mode.TestStillToClip" name="test_still_to_clip_requires_valid_image" time="0.649" /><testcase classname="backend.tests.test_iteration10_library_mode.TestTrimVideo" name="test_trim_video_requires_valid_video" time="0.662" /><testcase classname="backend.tests.test_iteration10_library_mode.TestAssemblyWithLibraryClipPaths" name="test_assembly_accepts_library_clip_paths" time="0.666" /><testcase classname="backend.tests.test_iteration10_library_mode.TestSettingsPexelsKey" name="test_save_pexels_api_key" time="0.436" /><testcase classname="backend.tests.test_iteration10_library_mode.TestSettingsPexelsKey" name="test_get_api_keys_includes_pexels" time="0.103" /></testsuite></testsuites>