<?xml version="1.0" encoding="utf-8"?><testsuites name="pytest tests"><testsuite name="pytest" errors="0" failures="0" skipped="0" tests="13" time="18.577" timestamp="2026-04-04T20:39:39.012330+00:00" hostname="agent-env-a46266b1-679e-4fd3-abdf-ed7910a10480"><testcase classname="backend.tests.test_iteration15_effects.TestEffectsEndpoint" name="test_effects_list_returns_200" time="0.150" /><testcase classname="backend.tests.test_iteration15_effects.TestEffectsEndpoint" name="test_effects_list_has_effects_array" time="0.151" /><testcase classname="backend.tests.test_iteration15_effects.TestEffectsEndpoint" name="test_effects_list_has_transitions_array" time="0.112" /><testcase classname="backend.tests.test_iteration15_effects.TestEffectsEndpoint" name="test_effects_list_has_presets_array" time="0.105" /><testcase classname="backend.tests.test_iteration15_effects.TestEffectsEndpoint" name="test_preset_structure" time="0.098" /><testcase classname="backend.tests.test_iteration15_effects.TestAuthentication" name="test_login_success" time="0.348" /><testcase classname="backend.tests.test_iteration15_effects.TestStillToClipWithEffect" name="test_still_to_clip_with_ken_burns_in" time="3.361" /><testcase classname="backend.tests.test_iteration15_effects.TestStillToClipWithEffect" name="test_still_to_clip_with_pan_left" time="3.279" /><testcase classname="backend.tests.test_iteration15_effects.TestStillToClipWithEffect" name="test_still_to_clip_with_fade_in" time="3.586" /><testcase classname="backend.tests.test_iteration15_effects.TestStillToClipWithEffect" name="test_still_to_clip_with_static" time="3.080" /><testcase classname="backend.tests.test_iteration15_effects.TestStillToClipWithEffect" name="test_still_to_clip_default_effect" time="3.339" /><testcase classname="backend.tests.test_iteration15_effects.TestStillToClipWithEffect" name="test_still_to_clip_invalid_image_path" time="0.452" /><testcase classname="backend.tests.test_iteration15_effects.TestTestKeysEndpoint" name="test_test_keys_returns_pexels" time="0.431" /></testsuite></testsuites>