<?xml version="1.0" encoding="utf-8"?><testsuites name="pytest tests"><testsuite name="pytest" errors="0" failures="0" skipped="0" tests="17" time="2.574" timestamp="2026-04-05T14:43:56.011394+00:00" hostname="agent-env-a46266b1-679e-4fd3-abdf-ed7910a10480"><testcase classname="backend.tests.test_iteration21_p0_features.TestAuth" name="test_login_success" time="0.409" /><testcase classname="backend.tests.test_iteration21_p0_features.TestPexelsCaching" name="test_pexels_photos_endpoint_exists" time="0.517" /><testcase classname="backend.tests.test_iteration21_p0_features.TestPexelsCaching" name="test_pexels_videos_endpoint_exists" time="0.122" /><testcase classname="backend.tests.test_iteration21_p0_features.TestVideoAssemblyWithStyle" name="test_assembly_endpoint_accepts_video_style" time="0.439" /><testcase classname="backend.tests.test_iteration21_p0_features.TestVideoAssemblyWithStyle" name="test_assembly_accepts_all_style_values" time="0.295" /><testcase classname="backend.tests.test_iteration21_p0_features.TestVideoAssemblyWithStyle" name="test_ai_mode_assembly_without_style" time="0.094" /><testcase classname="backend.tests.test_iteration21_p0_features.TestCodeReviewPexelsCaching" name="test_cache_key_format_photos" time="0.000" /><testcase classname="backend.tests.test_iteration21_p0_features.TestCodeReviewPexelsCaching" name="test_cache_key_format_videos" time="0.000" /><testcase classname="backend.tests.test_iteration21_p0_features.TestCodeReviewPexelsCaching" name="test_ttl_value" time="0.000" /><testcase classname="backend.tests.test_iteration21_p0_features.TestCodeReviewStyleFilters" name="test_style_filters_defined" time="0.000" /><testcase classname="backend.tests.test_iteration21_p0_features.TestCodeReviewStyleFilters" name="test_library_mode_check_logic" time="0.000" /><testcase classname="backend.tests.test_iteration21_p0_features.TestCodeReviewDrawbox" name="test_drawbox_parameters" time="0.000" /><testcase classname="backend.tests.test_iteration21_p0_features.TestCodeReviewDrawbox" name="test_drawbox_enable_expression" time="0.000" /><testcase classname="backend.tests.test_iteration21_p0_features.TestMongoDBIndexes" name="test_pexels_cache_indexes_defined" time="0.000" /><testcase classname="backend.tests.test_iteration21_p0_features.TestAPIEndpointRegression" name="test_api_root" time="0.396" /><testcase classname="backend.tests.test_iteration21_p0_features.TestAPIEndpointRegression" name="test_effects_list" time="0.046" /><testcase classname="backend.tests.test_iteration21_p0_features.TestAPIEndpointRegression" name="test_projects_list" time="0.064" /></testsuite></testsuites>