<?xml version="1.0" encoding="utf-8"?><testsuites name="pytest tests"><testsuite name="pytest" errors="0" failures="0" skipped="0" tests="10" time="3.939" timestamp="2026-04-04T19:23:58.132829+00:00" hostname="agent-env-a46266b1-679e-4fd3-abdf-ed7910a10480"><testcase classname="backend.tests.test_iteration12_features.TestAuth" name="test_login_success" time="0.464" /><testcase classname="backend.tests.test_iteration12_features.TestAIImagePrompts" name="test_generate_image_prompts_endpoint_exists" time="0.655" /><testcase classname="backend.tests.test_iteration12_features.TestAIImagePrompts" name="test_generate_image_prompts_requires_auth" time="0.104" /><testcase classname="backend.tests.test_iteration12_features.TestAIImagePrompts" name="test_generate_image_prompts_error_without_openai_key" time="0.256" /><testcase classname="backend.tests.test_iteration12_features.TestAIImagePrompts" name="test_generate_image_prompts_accepts_project_id" time="0.290" /><testcase classname="backend.tests.test_iteration12_features.TestClimaxEndpoints" name="test_extract_climax_returns_400_without_audio" time="0.526" /><testcase classname="backend.tests.test_iteration12_features.TestClimaxEndpoints" name="test_detect_climax_returns_400_without_audio" time="0.099" /><testcase classname="backend.tests.test_iteration12_features.TestProjectWithImagePrompts" name="test_create_project_library_mode" time="0.457" /><testcase classname="backend.tests.test_iteration12_features.TestProjectWithImagePrompts" name="test_get_project_has_media_and_prompts_fields" time="0.232" /><testcase classname="backend.tests.test_iteration12_features.TestCleanup" name="test_cleanup_test_projects" time="0.790" /></testsuite></testsuites>