<?xml version="1.0" encoding="utf-8"?><testsuites name="pytest tests"><testsuite name="pytest" errors="0" failures="0" skipped="0" tests="16" time="1.308" timestamp="2026-04-05T02:36:03.437873+00:00" hostname="agent-env-a46266b1-679e-4fd3-abdf-ed7910a10480"><testcase classname="backend.tests.test_iteration20_base_y_fix.TestAuth" name="test_login_success" time="0.356" /><testcase classname="backend.tests.test_iteration20_base_y_fix.TestBaseYFix" name="test_base_y_variable_exists_before_loop" time="0.001" /><testcase classname="backend.tests.test_iteration20_base_y_fix.TestBaseYFix" name="test_base_y_used_in_drawtext_y_expressions" time="0.001" /><testcase classname="backend.tests.test_iteration20_base_y_fix.TestBaseYFix" name="test_multiline_text_wrapping_exists" time="0.000" /><testcase classname="backend.tests.test_iteration20_base_y_fix.TestBaseYFix" name="test_font_reduction_for_long_text" time="0.000" /><testcase classname="backend.tests.test_iteration20_base_y_fix.TestRegressionEndpoints" name="test_api_root" time="0.111" /><testcase classname="backend.tests.test_iteration20_base_y_fix.TestRegressionEndpoints" name="test_effects_list_returns_20_effects" time="0.487" /><testcase classname="backend.tests.test_iteration20_base_y_fix.TestRegressionEndpoints" name="test_still_to_clip_endpoint_exists" time="0.165" /><testcase classname="backend.tests.test_iteration20_base_y_fix.TestRegressionEndpoints" name="test_trim_video_endpoint_exists" time="0.106" /><testcase classname="backend.tests.test_iteration20_base_y_fix.TestFrontendVideoDurationLogic" name="test_prepare_library_clips_separates_images_videos" time="0.000" /><testcase classname="backend.tests.test_iteration20_base_y_fix.TestFrontendVideoDurationLogic" name="test_video_repeat_plan_exists" time="0.000" /><testcase classname="backend.tests.test_iteration20_base_y_fix.TestFrontendVideoDurationLogic" name="test_video_trim_proportionally_logic" time="0.000" /><testcase classname="backend.tests.test_iteration20_base_y_fix.TestFrontendVideoDurationLogic" name="test_video_repeat_to_fill_logic" time="0.000" /><testcase classname="backend.tests.test_iteration20_base_y_fix.TestFrontendVideoDurationLogic" name="test_trim_video_api_call" time="0.000" /><testcase classname="backend.tests.test_iteration20_base_y_fix.TestAnimationSupport" name="test_animation_types_supported" time="0.001" /><testcase classname="backend.tests.test_iteration20_base_y_fix.TestAnimationSupport" name="test_per_line_drawtext_generation" time="0.000" /></testsuite></testsuites>