<?xml version="1.0" encoding="utf-8"?><testsuites name="pytest tests"><testsuite name="pytest" errors="0" failures="0" skipped="0" tests="15" time="5.687" timestamp="2026-04-05T16:07:01.864529+00:00" hostname="agent-env-a46266b1-679e-4fd3-abdf-ed7910a10480"><testcase classname="backend.tests.test_iteration23_auth_refresh.TestAuthRefresh" name="test_login_returns_tokens" time="0.461" /><testcase classname="backend.tests.test_iteration23_auth_refresh.TestAuthRefresh" name="test_refresh_endpoint_with_bearer_token" time="0.398" /><testcase classname="backend.tests.test_iteration23_auth_refresh.TestAuthRefresh" name="test_refresh_endpoint_without_token_returns_401" time="0.319" /><testcase classname="backend.tests.test_iteration23_auth_refresh.TestAuthRefresh" name="test_refresh_endpoint_with_invalid_token_returns_401" time="0.118" /><testcase classname="backend.tests.test_iteration23_auth_refresh.TestAuthRefresh" name="test_refresh_endpoint_with_access_token_returns_401" time="0.449" /><testcase classname="backend.tests.test_iteration23_auth_refresh.TestProtectedEndpoints" name="test_final_video_endpoint_requires_auth" time="0.466" /><testcase classname="backend.tests.test_iteration23_auth_refresh.TestProtectedEndpoints" name="test_download_platform_endpoint_requires_auth" time="0.432" /><testcase classname="backend.tests.test_iteration23_auth_refresh.TestProtectedEndpoints" name="test_download_zip_endpoint_requires_auth" time="0.431" /><testcase classname="backend.tests.test_iteration23_auth_refresh.TestProtectedEndpoints" name="test_final_video_with_auth_returns_404_for_nonexistent" time="0.418" /><testcase classname="backend.tests.test_iteration23_auth_refresh.TestProtectedEndpoints" name="test_download_platform_with_auth_returns_404_for_nonexistent" time="0.441" /><testcase classname="backend.tests.test_iteration23_auth_refresh.TestProtectedEndpoints" name="test_download_zip_with_auth_returns_404_for_nonexistent" time="0.443" /><testcase classname="backend.tests.test_iteration23_auth_refresh.TestRegressionAuth" name="test_api_root_returns_200" time="0.109" /><testcase classname="backend.tests.test_iteration23_auth_refresh.TestRegressionAuth" name="test_login_works" time="0.337" /><testcase classname="backend.tests.test_iteration23_auth_refresh.TestRegressionAuth" name="test_auth_me_with_token" time="0.391" /><testcase classname="backend.tests.test_iteration23_auth_refresh.TestRegressionAuth" name="test_projects_list_with_auth" time="0.388" /></testsuite></testsuites>