<?xml version="1.0" encoding="utf-8"?><testsuites name="pytest tests"><testsuite name="pytest" errors="0" failures="0" skipped="0" tests="7" time="4.289" timestamp="2026-04-03T05:15:11.584242+00:00" hostname="agent-env-a46266b1-679e-4fd3-abdf-ed7910a10480"><testcase classname="backend.tests.test_iteration9_features.TestAsyncVideoAssembly" name="test_assemble_endpoint_returns_job_id" time="0.856" /><testcase classname="backend.tests.test_iteration9_features.TestAsyncVideoAssembly" name="test_assembly_status_endpoint_404_for_nonexistent_job" time="0.451" /><testcase classname="backend.tests.test_iteration9_features.TestAsyncVideoAssembly" name="test_assembly_status_endpoint_requires_auth" time="0.453" /><testcase classname="backend.tests.test_iteration9_features.TestAnalyzeSongPrompt" name="test_analyze_song_endpoint_exists" time="0.862" /><testcase classname="backend.tests.test_iteration9_features.TestSettingsImageProvider" name="test_settings_returns_image_provider" time="0.422" /><testcase classname="backend.tests.test_iteration9_features.TestSettingsImageProvider" name="test_update_image_provider_to_flux_dev" time="0.548" /><testcase classname="backend.tests.test_iteration9_features.TestAssemblyRequestFields" name="test_assembly_accepts_all_fields" time="0.629" /></testsuite></testsuites>