<?xml version="1.0" encoding="utf-8"?><testsuites name="pytest tests"><testsuite name="pytest" errors="0" failures="0" skipped="0" tests="9" time="5.130" timestamp="2026-03-31T07:20:09.280612+00:00" hostname="agent-env-a46266b1-679e-4fd3-abdf-ed7910a10480"><testcase classname="backend.tests.test_project_state_persistence.TestProjectStatePersistence" name="test_put_concept_saves_to_db" time="0.602" /><testcase classname="backend.tests.test_project_state_persistence.TestProjectStatePersistence" name="test_put_images_saves_to_db" time="0.506" /><testcase classname="backend.tests.test_project_state_persistence.TestProjectStatePersistence" name="test_put_clips_saves_to_db" time="0.553" /><testcase classname="backend.tests.test_project_state_persistence.TestProjectStatePersistence" name="test_project_load_restores_state" time="0.707" /><testcase classname="backend.tests.test_project_state_persistence.TestProjectStatePersistence" name="test_put_endpoints_require_auth" time="0.663" /><testcase classname="backend.tests.test_project_state_persistence.TestProjectStatePersistence" name="test_put_endpoints_verify_project_ownership" time="0.529" /><testcase classname="backend.tests.test_project_state_persistence.TestAuthImageEndpoints" name="test_image_endpoint_requires_auth" time="0.474" /><testcase classname="backend.tests.test_project_state_persistence.TestAuthImageEndpoints" name="test_clip_endpoint_requires_auth" time="0.437" /><testcase classname="backend.tests.test_project_state_persistence.TestAuthImageEndpoints" name="test_final_video_endpoint_requires_auth" time="0.457" /></testsuite></testsuites>