<?xml version="1.0" encoding="utf-8"?><testsuites name="pytest tests"><testsuite name="pytest" errors="0" failures="0" skipped="0" tests="28" time="1.709" timestamp="2026-04-05T02:01:59.299593+00:00" hostname="agent-env-a46266b1-679e-4fd3-abdf-ed7910a10480"><testcase classname="backend.tests.test_iteration19_text_wrapping.TestAuthAndBasics" name="test_login_works" time="0.440" /><testcase classname="backend.tests.test_iteration19_text_wrapping.TestAuthAndBasics" name="test_api_root" time="0.167" /><testcase classname="backend.tests.test_iteration19_text_wrapping.TestHookTextWrappingBackend" name="test_max_chars_per_line_constant" time="0.001" /><testcase classname="backend.tests.test_iteration19_text_wrapping.TestHookTextWrappingBackend" name="test_word_wrap_logic_exists" time="0.001" /><testcase classname="backend.tests.test_iteration19_text_wrapping.TestHookTextWrappingBackend" name="test_font_reduction_for_long_text" time="0.000" /><testcase classname="backend.tests.test_iteration19_text_wrapping.TestHookTextWrappingBackend" name="test_wider_rewrap_for_reduced_font" time="0.000" /><testcase classname="backend.tests.test_iteration19_text_wrapping.TestHookTextWrappingBackend" name="test_individual_drawtext_per_line" time="0.000" /><testcase classname="backend.tests.test_iteration19_text_wrapping.TestHookTextWrappingBackend" name="test_line_offset_calculation" time="0.000" /><testcase classname="backend.tests.test_iteration19_text_wrapping.TestHookTextWrappingBackend" name="test_pure_timeline_segmentation" time="0.000" /><testcase classname="backend.tests.test_iteration19_text_wrapping.TestLivePreviewFrontend" name="test_preview_panel_exists" time="0.000" /><testcase classname="backend.tests.test_iteration19_text_wrapping.TestLivePreviewFrontend" name="test_preview_has_9_16_aspect_ratio" time="0.000" /><testcase classname="backend.tests.test_iteration19_text_wrapping.TestLivePreviewFrontend" name="test_preview_uses_font_setting" time="0.000" /><testcase classname="backend.tests.test_iteration19_text_wrapping.TestLivePreviewFrontend" name="test_preview_uses_size_setting" time="0.000" /><testcase classname="backend.tests.test_iteration19_text_wrapping.TestLivePreviewFrontend" name="test_preview_uses_color_setting" time="0.000" /><testcase classname="backend.tests.test_iteration19_text_wrapping.TestLivePreviewFrontend" name="test_preview_uses_position_setting" time="0.000" /><testcase classname="backend.tests.test_iteration19_text_wrapping.TestLivePreviewFrontend" name="test_preview_uses_style_setting" time="0.000" /><testcase classname="backend.tests.test_iteration19_text_wrapping.TestLivePreviewFrontend" name="test_preview_uses_animation_setting" time="0.000" /><testcase classname="backend.tests.test_iteration19_text_wrapping.TestLivePreviewFrontend" name="test_preview_shows_sample_hook_text" time="0.000" /><testcase classname="backend.tests.test_iteration19_text_wrapping.TestClimaxRegionDrag" name="test_region_drag_pauses_playback" time="0.000" /><testcase classname="backend.tests.test_iteration19_text_wrapping.TestClimaxRegionDrag" name="test_region_drag_seeks_on_release" time="0.000" /><testcase classname="backend.tests.test_iteration19_text_wrapping.TestClimaxRegionDrag" name="test_click_inside_region_seeks_and_plays" time="0.000" /><testcase classname="backend.tests.test_iteration19_text_wrapping.TestClimaxRegionDrag" name="test_click_start_ref_for_drag_detection" time="0.000" /><testcase classname="backend.tests.test_iteration19_text_wrapping.TestClimaxRegionDrag" name="test_region_has_data_testid" time="0.000" /><testcase classname="backend.tests.test_iteration19_text_wrapping.TestEffectsListRegression" name="test_effects_list_returns_20_effects" time="0.514" /><testcase classname="backend.tests.test_iteration19_text_wrapping.TestStillToClipRegression" name="test_still_to_clip_endpoint_exists" time="0.480" /><testcase classname="backend.tests.test_iteration19_text_wrapping.TestMultilineDrawtextAnimation" name="test_multiline_fade_animation" time="0.001" /><testcase classname="backend.tests.test_iteration19_text_wrapping.TestMultilineDrawtextAnimation" name="test_multiline_slide_animation" time="0.000" /><testcase classname="backend.tests.test_iteration19_text_wrapping.TestMultilineDrawtextAnimation" name="test_each_line_animated_independently" time="0.000" /></testsuite></testsuites>